2025-11-04 19:21:31,615 - INFO - 处理批次 1/1，包含5个用户
2025-11-04 19:21:35,804 - ERROR - 用户7756485110请求失败：432 Client Error:  for url: https://m.weibo.cn/api/container/getIndex?type=uid&value=7756485110，重试(1/3)
2025-11-04 19:21:35,914 - ERROR - 用户7904512652请求失败：432 Client Error:  for url: https://m.weibo.cn/api/container/getIndex?type=uid&value=7904512652，重试(1/3)
2025-11-04 19:21:35,922 - ERROR - 用户5238869367请求失败：432 Client Error:  for url: https://m.weibo.cn/api/container/getIndex?type=uid&value=5238869367，重试(1/3)
2025-11-04 19:21:40,726 - ERROR - 用户7904512652请求失败：432 Client Error:  for url: https://m.weibo.cn/api/container/getIndex?type=uid&value=7904512652，重试(2/3)
2025-11-04 19:21:42,065 - ERROR - 用户7756485110请求失败：432 Client Error:  for url: https://m.weibo.cn/api/container/getIndex?type=uid&value=7756485110，重试(2/3)
2025-11-04 19:21:43,038 - ERROR - 用户5238869367请求失败：432 Client Error:  for url: https://m.weibo.cn/api/container/getIndex?type=uid&value=5238869367，重试(2/3)
2025-11-04 19:21:47,554 - ERROR - 用户7904512652请求失败：432 Client Error:  for url: https://m.weibo.cn/api/container/getIndex?type=uid&value=7904512652，重试(3/3)
2025-11-04 19:21:50,705 - ERROR - 用户7756485110请求失败：432 Client Error:  for url: https://m.weibo.cn/api/container/getIndex?type=uid&value=7756485110，重试(3/3)
2025-11-04 19:21:51,895 - ERROR - 用户5238869367请求失败：432 Client Error:  for url: https://m.weibo.cn/api/container/getIndex?type=uid&value=5238869367，重试(3/3)
2025-11-04 19:21:54,520 - ERROR - 用户7904512652请求失败：432 Client Error:  for url: https://m.weibo.cn/api/container/getIndex?type=uid&value=7904512652，重试(4/3)
2025-11-04 19:21:57,125 - ERROR - 用户7756485110请求失败：432 Client Error:  for url: https://m.weibo.cn/api/container/getIndex?type=uid&value=7756485110，重试(1/3)
2025-11-04 19:21:58,871 - ERROR - 用户7756485110请求失败：432 Client Error:  for url: https://m.weibo.cn/api/container/getIndex?type=uid&value=7756485110，重试(4/3)
2025-11-04 19:22:02,801 - ERROR - 用户5238869367请求失败：432 Client Error:  for url: https://m.weibo.cn/api/container/getIndex?type=uid&value=5238869367，重试(4/3)
2025-11-04 19:22:02,803 - ERROR - 用户5546364752请求失败：432 Client Error:  for url: https://m.weibo.cn/api/container/getIndex?type=uid&value=5546364752，重试(1/3)
2025-11-04 19:22:04,007 - ERROR - 用户7756485110请求失败：432 Client Error:  for url: https://m.weibo.cn/api/container/getIndex?type=uid&value=7756485110，重试(2/3)
2025-11-04 19:22:09,362 - ERROR - 用户5546364752请求失败：432 Client Error:  for url: https://m.weibo.cn/api/container/getIndex?type=uid&value=5546364752，重试(2/3)
2025-11-04 19:22:11,232 - ERROR - 用户7756485110请求失败：432 Client Error:  for url: https://m.weibo.cn/api/container/getIndex?type=uid&value=7756485110，重试(3/3)
2025-11-04 19:22:16,848 - ERROR - 用户5546364752请求失败：432 Client Error:  for url: https://m.weibo.cn/api/container/getIndex?type=uid&value=5546364752，重试(3/3)
2025-11-04 19:22:21,247 - ERROR - 用户7756485110请求失败：432 Client Error:  for url: https://m.weibo.cn/api/container/getIndex?type=uid&value=7756485110，重试(4/3)
2025-11-04 19:22:29,462 - ERROR - 用户5546364752请求失败：432 Client Error:  for url: https://m.weibo.cn/api/container/getIndex?type=uid&value=5546364752，重试(4/3)
2025-11-04 19:22:29,462 - INFO - 批次 1 完成，累计成功: 0, 失败: 5
2025-11-04 19:22:29,463 - INFO - 开始重试失败的5个用户
2025-11-04 19:22:32,124 - ERROR - 用户7904512652请求失败：432 Client Error:  for url: https://m.weibo.cn/api/container/getIndex?type=uid&value=7904512652，重试(1/3)
2025-11-04 19:22:38,779 - ERROR - 用户7904512652请求失败：432 Client Error:  for url: https://m.weibo.cn/api/container/getIndex?type=uid&value=7904512652，重试(2/3)
2025-11-04 19:22:39,569 - INFO - 处理批次 1/1，包含5个用户
2025-11-04 19:22:42,070 - WARNING - 用户7756485110返回数据不完整，重试(1/3)
2025-11-04 19:22:43,720 - WARNING - 用户5238869367返回数据不完整，重试(1/3)
2025-11-04 19:22:44,291 - WARNING - 用户7904512652返回数据不完整，重试(1/3)
2025-11-04 19:22:50,290 - WARNING - 用户7904512652返回数据不完整，重试(2/3)
2025-11-04 19:22:50,541 - WARNING - 用户7756485110返回数据不完整，重试(2/3)
2025-11-04 19:22:50,846 - WARNING - 用户5238869367返回数据不完整，重试(2/3)
2025-11-04 19:22:57,691 - WARNING - 用户5238869367返回数据不完整，重试(3/3)
2025-11-04 19:22:59,805 - WARNING - 用户7904512652返回数据不完整，重试(3/3)
2025-11-04 19:23:00,018 - WARNING - 用户7756485110返回数据不完整，重试(3/3)
2025-11-04 19:23:07,470 - WARNING - 用户5238869367返回数据不完整，重试(4/3)
2025-11-04 19:23:10,286 - WARNING - 用户7904512652返回数据不完整，重试(4/3)
2025-11-04 19:23:10,659 - WARNING - 用户7756485110返回数据不完整，重试(1/3)
2025-11-04 19:23:11,036 - WARNING - 用户7756485110返回数据不完整，重试(4/3)
2025-11-04 19:23:13,643 - WARNING - 用户5546364752返回数据不完整，重试(1/3)
2025-11-04 19:23:17,326 - WARNING - 用户7756485110返回数据不完整，重试(2/3)
2025-11-04 19:23:18,159 - WARNING - 用户5546364752返回数据不完整，重试(2/3)
2025-11-04 19:23:27,659 - WARNING - 用户7756485110返回数据不完整，重试(3/3)
2025-11-04 19:23:28,656 - WARNING - 用户5546364752返回数据不完整，重试(3/3)
2025-11-04 19:23:41,506 - WARNING - 用户7756485110返回数据不完整，重试(4/3)
2025-11-04 19:23:42,896 - WARNING - 用户5546364752返回数据不完整，重试(4/3)
2025-11-04 19:23:42,896 - INFO - 批次 1 完成，累计成功: 0, 失败: 5
2025-11-04 19:23:42,896 - INFO - 开始重试失败的5个用户
2025-11-04 19:23:47,387 - WARNING - 用户5238869367返回数据不完整，重试(1/3)
2025-11-04 19:23:55,088 - WARNING - 用户5238869367返回数据不完整，重试(2/3)
2025-11-04 19:24:03,308 - WARNING - 用户5238869367返回数据不完整，重试(3/3)
2025-11-04 19:24:15,945 - WARNING - 用户5238869367返回数据不完整，重试(4/3)
2025-11-04 19:24:18,768 - WARNING - 用户7904512652返回数据不完整，重试(1/3)
2025-11-04 19:24:25,242 - WARNING - 用户7904512652返回数据不完整，重试(2/3)
2025-11-04 19:24:33,133 - WARNING - 用户7904512652返回数据不完整，重试(3/3)
2025-11-04 19:24:43,169 - WARNING - 用户7904512652返回数据不完整，重试(4/3)
2025-11-04 19:24:46,468 - WARNING - 用户7756485110返回数据不完整，重试(1/3)
2025-11-04 19:24:47,508 - INFO - 处理批次 1/1，包含5个用户
2025-11-04 19:24:50,354 - WARNING - 用户5238869367返回数据不完整，重试(1/3)
2025-11-04 19:24:50,564 - WARNING - 用户7904512652返回数据不完整，重试(1/3)
2025-11-04 19:24:51,369 - WARNING - 用户7756485110返回数据不完整，重试(1/3)
2025-11-04 19:24:55,657 - WARNING - 用户7756485110返回数据不完整，重试(2/3)
2025-11-04 19:24:56,958 - WARNING - 用户7904512652返回数据不完整，重试(2/3)
2025-11-04 19:24:58,400 - WARNING - 用户5238869367返回数据不完整，重试(2/3)
2025-11-04 19:25:05,728 - WARNING - 用户5238869367返回数据不完整，重试(3/3)
2025-11-04 19:25:07,721 - WARNING - 用户7904512652返回数据不完整，重试(3/3)
2025-11-04 19:25:07,897 - WARNING - 用户7756485110返回数据不完整，重试(3/3)
2025-11-04 19:25:15,961 - WARNING - 用户5238869367返回数据不完整，重试(4/3)
2025-11-04 19:25:19,143 - WARNING - 用户7756485110返回数据不完整，重试(1/3)
2025-11-04 19:25:19,560 - WARNING - 用户7904512652返回数据不完整，重试(4/3)
2025-11-04 19:25:19,957 - WARNING - 用户7756485110返回数据不完整，重试(4/3)
2025-11-04 19:25:23,534 - WARNING - 用户7756485110返回数据不完整，重试(2/3)
2025-11-04 19:25:24,604 - WARNING - 用户5546364752返回数据不完整，重试(1/3)
2025-11-04 19:25:31,138 - WARNING - 用户5546364752返回数据不完整，重试(2/3)
2025-11-04 19:25:35,144 - WARNING - 用户7756485110返回数据不完整，重试(3/3)
2025-11-04 19:25:41,088 - WARNING - 用户5546364752返回数据不完整，重试(3/3)
2025-11-04 19:25:47,339 - WARNING - 用户7756485110返回数据不完整，重试(4/3)
2025-11-04 19:25:53,460 - WARNING - 用户5546364752返回数据不完整，重试(4/3)
2025-11-04 19:25:53,460 - INFO - 批次 1 完成，累计成功: 0, 失败: 5
2025-11-04 19:25:53,460 - INFO - 开始重试失败的5个用户
2025-11-04 19:25:57,012 - WARNING - 用户5238869367返回数据不完整，重试(1/3)
2025-11-04 19:26:02,998 - WARNING - 用户5238869367返回数据不完整，重试(2/3)
2025-11-04 19:26:12,057 - WARNING - 用户5238869367返回数据不完整，重试(3/3)
2025-11-04 19:26:22,526 - WARNING - 用户5238869367返回数据不完整，重试(4/3)
2025-11-04 19:26:25,582 - WARNING - 用户7904512652返回数据不完整，重试(1/3)
2025-11-04 19:26:32,012 - WARNING - 用户7904512652返回数据不完整，重试(2/3)
2025-11-04 19:26:42,155 - WARNING - 用户7904512652返回数据不完整，重试(3/3)
2025-11-04 19:26:52,044 - WARNING - 用户7904512652返回数据不完整，重试(4/3)
2025-11-04 19:26:54,736 - WARNING - 用户7756485110返回数据不完整，重试(1/3)
2025-11-04 19:26:59,680 - WARNING - 用户7756485110返回数据不完整，重试(2/3)
2025-11-04 19:27:09,518 - WARNING - 用户7756485110返回数据不完整，重试(3/3)
2025-11-04 19:27:19,116 - WARNING - 用户7756485110返回数据不完整，重试(4/3)
2025-11-04 19:27:21,958 - WARNING - 用户7756485110返回数据不完整，重试(1/3)
2025-11-04 19:27:27,752 - WARNING - 用户7756485110返回数据不完整，重试(2/3)
2025-11-04 19:27:37,968 - WARNING - 用户7756485110返回数据不完整，重试(3/3)
2025-11-04 19:27:49,203 - WARNING - 用户7756485110返回数据不完整，重试(4/3)
2025-11-04 19:27:53,907 - WARNING - 用户5546364752返回数据不完整，重试(1/3)
2025-11-04 19:27:58,798 - WARNING - 用户5546364752返回数据不完整，重试(2/3)
2025-11-04 19:28:08,762 - WARNING - 用户5546364752返回数据不完整，重试(3/3)
2025-11-04 19:28:19,996 - WARNING - 用户5546364752返回数据不完整，重试(4/3)
2025-11-04 19:28:19,996 - INFO - 爬取完成，总成功: 0, 总失败: 5
